# JRE version: Java(TM) SE Runtime Environment (17.0.10+11) (build 17.0.10+11-LTS-240)
# Java VM: Java HotSpot(TM) 64-Bit Server VM (17.0.10+11-LTS-240, mixed mode, sharing, tiered, compressed oops, compressed class ptrs, g1 gc, windows-amd64)
GC Precious Log:
 CPUs: 8 total, 8 available
 Memory: 16122M
 Large Page Support: Disabled
 NUMA Support: Disabled
 Compressed Oops: Enabled (Zero based)
 Heap Region Size: 2M
 Heap Min Capacity: 8M
 Heap Initial Capacity: 252M
 Heap Max Capacity: 4032M
 Pre-touch: Disabled
 Parallel Workers: 8
 Concurrent Workers: 2
 Concurrent Refinement Workers: 8
 Periodic GC: Disabled
Heap:
 garbage-first heap   total 81920K, used 34170K [0x0000000704000000, 0x0000000800000000)
  region size 2048K, 3 young (6144K), 2 survivors (4096K)
 Metaspace       used 63686K, committed 64192K, reserved 1114112K
  class space    used 8501K, committed 8768K, reserved 1048576K
GC Heap History (20 events):
Event: 2.232 GC heap before
{Heap before GC invocations=5 (full 0):
 garbage-first heap   total 61440K, used 17485K [0x0000000704000000, 0x0000000800000000)
  region size 2048K, 2 young (4096K), 1 survivors (2048K)
 Metaspace       used 24575K, committed 24832K, reserved 1114112K
  class space    used 3135K, committed 3264K, reserved 1048576K
}
Event: 2.234 GC heap after
{Heap after GC invocations=6 (full 0):
 garbage-first heap   total 61440K, used 15958K [0x0000000704000000, 0x0000000800000000)
  region size 2048K, 1 young (2048K), 1 survivors (2048K)
 Metaspace       used 24575K, committed 24832K, reserved 1114112K
  class space    used 3135K, committed 3264K, reserved 1048576K
}
Event: 2.583 GC heap before
{Heap before GC invocations=6 (full 0):
 garbage-first heap   total 61440K, used 40534K [0x0000000704000000, 0x0000000800000000)
  region size 2048K, 13 young (26624K), 1 survivors (2048K)
 Metaspace       used 28155K, committed 28480K, reserved 1114112K
  class space    used 3606K, committed 3776K, reserved 1048576K
}
Event: 2.589 GC heap after
{Heap after GC invocations=7 (full 0):
 garbage-first heap   total 61440K, used 17468K [0x0000000704000000, 0x0000000800000000)
  region size 2048K, 1 young (2048K), 1 survivors (2048K)
 Metaspace       used 28155K, committed 28480K, reserved 1114112K
  class space    used 3606K, committed 3776K, reserved 1048576K
}
Event: 2.980 GC heap before
{Heap before GC invocations=7 (full 0):
 garbage-first heap   total 61440K, used 44092K [0x0000000704000000, 0x0000000800000000)
  region size 2048K, 14 young (28672K), 1 survivors (2048K)
 Metaspace       used 32474K, committed 32896K, reserved 1114112K
  class space    used 4173K, committed 4352K, reserved 1048576K
}
Event: 2.985 GC heap after
{Heap after GC invocations=8 (full 0):
 garbage-first heap   total 61440K, used 19303K [0x0000000704000000, 0x0000000800000000)
  region size 2048K, 2 young (4096K), 2 survivors (4096K)
 Metaspace       used 32474K, committed 32896K, reserved 1114112K
  class space    used 4173K, committed 4352K, reserved 1048576K
}
Event: 3.152 GC heap before
{Heap before GC invocations=8 (full 0):
 garbage-first heap   total 61440K, used 33639K [0x0000000704000000, 0x0000000800000000)
  region size 2048K, 10 young (20480K), 2 survivors (4096K)
 Metaspace       used 35578K, committed 35968K, reserved 1114112K
  class space    used 4524K, committed 4736K, reserved 1048576K
}
Event: 3.157 GC heap after
{Heap after GC invocations=9 (full 0):
 garbage-first heap   total 159744K, used 20394K [0x0000000704000000, 0x0000000800000000)
  region size 2048K, 2 young (4096K), 2 survivors (4096K)
 Metaspace       used 35578K, committed 35968K, reserved 1114112K
  class space    used 4524K, committed 4736K, reserved 1048576K
}
Event: 3.701 GC heap before
{Heap before GC invocations=10 (full 0):
 garbage-first heap   total 81920K, used 67498K [0x0000000704000000, 0x0000000800000000)
  region size 2048K, 24 young (49152K), 2 survivors (4096K)
 Metaspace       used 41688K, committed 42112K, reserved 1114112K
  class space    used 5430K, committed 5632K, reserved 1048576K
}
Event: 3.706 GC heap after
{Heap after GC invocations=11 (full 0):
 garbage-first heap   total 81920K, used 24014K [0x0000000704000000, 0x0000000800000000)
  region size 2048K, 3 young (6144K), 3 survivors (6144K)
 Metaspace       used 41688K, committed 42112K, reserved 1114112K
  class space    used 5430K, committed 5632K, reserved 1048576K
}
Event: 4.121 GC heap before
{Heap before GC invocations=11 (full 0):
 garbage-first heap   total 81920K, used 58830K [0x0000000704000000, 0x0000000800000000)
  region size 2048K, 21 young (43008K), 3 survivors (6144K)
 Metaspace       used 47944K, committed 48384K, reserved 1114112K
  class space    used 6267K, committed 6464K, reserved 1048576K
}
Event: 4.126 GC heap after
{Heap after GC invocations=12 (full 0):
 garbage-first heap   total 81920K, used 24844K [0x0000000704000000, 0x0000000800000000)
  region size 2048K, 2 young (4096K), 2 survivors (4096K)
 Metaspace       used 47944K, committed 48384K, reserved 1114112K
  class space    used 6267K, committed 6464K, reserved 1048576K
}
Event: 4.602 GC heap before
{Heap before GC invocations=12 (full 0):
 garbage-first heap   total 81920K, used 63756K [0x0000000704000000, 0x0000000800000000)
  region size 2048K, 21 young (43008K), 2 survivors (4096K)
 Metaspace       used 54475K, committed 54976K, reserved 1114112K
  class space    used 7359K, committed 7616K, reserved 1048576K
}
Event: 4.609 GC heap after
{Heap after GC invocations=13 (full 0):
 garbage-first heap   total 81920K, used 27544K [0x0000000704000000, 0x0000000800000000)
  region size 2048K, 3 young (6144K), 3 survivors (6144K)
 Metaspace       used 54475K, committed 54976K, reserved 1114112K
  class space    used 7359K, committed 7616K, reserved 1048576K
}
Event: 5.010 GC heap before
{Heap before GC invocations=13 (full 0):
 garbage-first heap   total 81920K, used 62360K [0x0000000704000000, 0x0000000800000000)
  region size 2048K, 20 young (40960K), 3 survivors (6144K)
 Metaspace       used 58226K, committed 58688K, reserved 1114112K
  class space    used 7832K, committed 8064K, reserved 1048576K
}
Event: 5.020 GC heap after
{Heap after GC invocations=14 (full 0):
 garbage-first heap   total 81920K, used 30280K [0x0000000704000000, 0x0000000800000000)
  region size 2048K, 3 young (6144K), 3 survivors (6144K)
 Metaspace       used 58226K, committed 58688K, reserved 1114112K
  class space    used 7832K, committed 8064K, reserved 1048576K
}
Event: 5.277 GC heap before
{Heap before GC invocations=14 (full 0):
 garbage-first heap   total 81920K, used 48712K [0x0000000704000000, 0x0000000800000000)
  region size 2048K, 13 young (26624K), 3 survivors (6144K)
 Metaspace       used 60086K, committed 60480K, reserved 1114112K
  class space    used 8065K, committed 8256K, reserved 1048576K
}
Event: 5.285 GC heap after
{Heap after GC invocations=15 (full 0):
 garbage-first heap   total 81920K, used 31891K [0x0000000704000000, 0x0000000800000000)
  region size 2048K, 3 young (6144K), 3 survivors (6144K)
 Metaspace       used 60086K, committed 60480K, reserved 1114112K
  class space    used 8065K, committed 8256K, reserved 1048576K
}
Event: 292.344 GC heap before
{Heap before GC invocations=16 (full 0):
 garbage-first heap   total 81920K, used 62611K [0x0000000704000000, 0x0000000800000000)
  region size 2048K, 18 young (36864K), 3 survivors (6144K)
 Metaspace       used 63684K, committed 64192K, reserved 1114112K
  class space    used 8501K, committed 8768K, reserved 1048576K
}
Event: 292.347 GC heap after
{Heap after GC invocations=17 (full 0):
 garbage-first heap   total 81920K, used 34170K [0x0000000704000000, 0x0000000800000000)
  region size 2048K, 2 young (4096K), 2 survivors (4096K)
 Metaspace       used 63684K, committed 64192K, reserved 1114112K
  class space    used 8501K, committed 8768K, reserved 1048576K
}

